Log file open, 06/27/19 21:57:56
LogWindows: Failed to load 'aqProf.dll' (GetLastError=126)
LogWindows: File 'aqProf.dll' does not exist
LogWindows: Failed to load 'VtuneApi.dll' (GetLastError=126)
LogWindows: File 'VtuneApi.dll' does not exist
LogWindows: Failed to load 'VtuneApi32e.dll' (GetLastError=126)
LogWindows: File 'VtuneApi32e.dll' does not exist
LogConsoleResponse: Display: Failed to find resolution value strings in scalability ini. Falling back to default.
LogInit: Display: Running engine for game: BatteryCollector
LogPakFile: Registered encryption key '00000000000000000000000000000000': 0 pak files mounted, 0 remain pending
LogPlatformFile: Not using cached read wrapper
LogTaskGraph: Started task graph with 5 named threads and 35 total threads with 3 sets of task threads.
LogStats: Stats thread started at 0.399173
LogD3D11RHI: Loaded GFSDK_Aftermath_Lib.x64.dll
LogICUInternationalization: ICU TimeZone Detection - Raw Offset: +1:00, Platform Override: ''
LogPluginManager: Mounting plugin Paper2D
LogPluginManager: Mounting plugin AISupport
LogPluginManager: Mounting plugin LightPropagationVolume
LogPluginManager: Mounting plugin ActorLayerUtilities
LogPluginManager: Mounting plugin AnimationSharing
LogPluginManager: Mounting plugin CLionSourceCodeAccess
LogPluginManager: Mounting plugin CodeLiteSourceCodeAccess
LogPluginManager: Mounting plugin GitSourceControl
LogPluginManager: Mounting plugin KDevelopSourceCodeAccess
LogPluginManager: Mounting plugin NullSourceCodeAccess
LogPluginManager: Mounting plugin PerforceSourceControl
LogPluginManager: Mounting plugin SubversionSourceControl
LogPluginManager: Mounting plugin UObjectPlugin
LogPluginManager: Mounting plugin VisualStudioCodeSourceCodeAccess
LogPluginManager: Mounting plugin VisualStudioSourceCodeAccess
LogPluginManager: Mounting plugin XCodeSourceCodeAccess
LogPluginManager: Mounting plugin AssetManagerEditor
LogPluginManager: Mounting plugin CryptoKeys
LogPluginManager: Mounting plugin DataValidation
LogPluginManager: Mounting plugin FacialAnimation
LogPluginManager: Mounting plugin GameplayTagsEditor
LogPluginManager: Mounting plugin MacGraphicsSwitching
LogPluginManager: Mounting plugin MaterialAnalyzer
LogPluginManager: Mounting plugin MobileLauncherProfileWizard
LogPluginManager: Mounting plugin PluginBrowser
LogPluginManager: Mounting plugin SpeedTreeImporter
LogPluginManager: Mounting plugin DatasmithContent
LogPluginManager: Mounting plugin VariantManagerContent
LogPluginManager: Mounting plugin AlembicImporter
LogPluginManager: Mounting plugin AppleImageUtils
LogPluginManager: Mounting plugin AppleVision
LogPluginManager: Mounting plugin BackChannel
LogPluginManager: Mounting plugin CharacterAI
LogPluginManager: Mounting plugin GeometryCache
LogPluginManager: Mounting plugin HTML5Networking
LogPluginManager: Mounting plugin ProxyLODPlugin
LogPluginManager: Mounting plugin SkeletalReduction
LogPluginManager: Mounting plugin MagicLeap
LogPluginManager: Mounting plugin MagicLeapMedia
LogPluginManager: Mounting plugin AndroidMedia
LogPluginManager: Mounting plugin AvfMedia
LogPluginManager: Mounting plugin ImgMedia
LogPluginManager: Mounting plugin LinearTimecode
LogPluginManager: Mounting plugin MediaCompositing
LogPluginManager: Mounting plugin MediaPlayerEditor
LogPluginManager: Mounting plugin WebMMedia
LogPluginManager: Mounting plugin WmfMedia
LogPluginManager: Mounting plugin TcpMessaging
LogPluginManager: Mounting plugin UdpMessaging
LogPluginManager: Mounting plugin ActorSequence
LogPluginManager: Mounting plugin LevelSequenceEditor
LogPluginManager: Mounting plugin MatineeToLevelSequence
LogPluginManager: Mounting plugin NetcodeUnitTest
LogPluginManager: Mounting plugin NUTUnrealEngine4
LogPluginManager: Mounting plugin OnlineSubsystemGooglePlay
LogPluginManager: Mounting plugin OnlineSubsystemIOS
LogPluginManager: Mounting plugin OnlineSubsystem
LogPluginManager: Mounting plugin OnlineSubsystemNull
LogPluginManager: Mounting plugin OnlineSubsystemUtils
LogPluginManager: Mounting plugin LauncherChunkInstaller
LogPluginManager: Mounting plugin AndroidDeviceProfileSelector
LogPluginManager: Mounting plugin AndroidMoviePlayer
LogPluginManager: Mounting plugin AndroidPermission
LogPluginManager: Mounting plugin AppleMoviePlayer
LogPluginManager: Mounting plugin ArchVisCharacter
LogPluginManager: Mounting plugin AudioCapture
LogPluginManager: Mounting plugin CableComponent
LogPluginManager: Mounting plugin CustomMeshComponent
LogPluginManager: Mounting plugin EditableMesh
LogPluginManager: Mounting plugin ExampleDeviceProfileSelector
LogPluginManager: Mounting plugin Firebase
LogPluginManager: Mounting plugin GoogleCloudMessaging
LogPluginManager: Mounting plugin IOSDeviceProfileSelector
LogPluginManager: Mounting plugin LinuxDeviceProfileSelector
LogPluginManager: Mounting plugin LocationServicesBPLibrary
LogPluginManager: Mounting plugin MobilePatchingUtils
LogPluginManager: Mounting plugin OculusVR
LogPluginManager: Mounting plugin PhysXVehicles
LogPluginManager: Mounting plugin ProceduralMeshComponent
LogPluginManager: Mounting plugin RuntimePhysXCooking
LogPluginManager: Mounting plugin SignificanceManager
LogPluginManager: Mounting plugin SteamVR
LogPluginManager: Mounting plugin WebMMoviePlayer
LogPluginManager: Mounting plugin WindowsMoviePlayer
LogInit: Using libcurl 7.55.1-DEV
LogInit:  - built for x86_64-pc-win32
LogInit:  - supports SSL with OpenSSL/1.1.1
LogInit:  - supports HTTP deflate (compression) using libz 1.2.8
LogInit:  - other features:
LogInit:      CURL_VERSION_SSL
LogInit:      CURL_VERSION_LIBZ
LogInit:      CURL_VERSION_IPV6
LogInit:      CURL_VERSION_ASYNCHDNS
LogInit:      CURL_VERSION_LARGEFILE
LogInit:      CURL_VERSION_IDN
LogInit:  CurlRequestOptions (configurable via config and command line):
LogInit:  - bVerifyPeer = true  - Libcurl will verify peer certificate
LogInit:  - bUseHttpProxy = false  - Libcurl will NOT use HTTP proxy
LogInit:  - bDontReuseConnections = false  - Libcurl will reuse connections
LogInit:  - MaxHostConnections = 16  - Libcurl will limit the number of connections to a host
LogInit:  - LocalHostAddr = Default
LogInit:  - BufferSize = 65536
LogInit: WinSock: version 1.1 (2.2), MaxSocks=32767, MaxUdp=65467
LogInit: Build: ++UE4+Release-4.22-CL-6574378
LogInit: Engine Version: 4.22.2-6574378+++UE4+Release-4.22
LogInit: Compatible Engine Version: 4.22.0-5660361+++UE4+Release-4.22
LogInit: Net CL: 5660361
LogInit: OS: Windows 10 (Release 1803) (), CPU: Intel(R) Core(TM) i7-8750H CPU @ 2.20GHz, GPU: Intel(R) UHD Graphics 630
LogInit: Compiled (64-bit): May 20 2019 09:54:56
LogInit: Compiled with Visual C++: 19.16.27025.01
LogInit: Build Configuration: Development
LogInit: Branch Name: ++UE4+Release-4.22
LogInit: Command Line: 
LogInit: Base Directory: C:/Program Files/Epic Games/UE_4.22/Engine/Binaries/Win64/
LogInit: Installed Engine Build: 1
LogDevObjectVersion: Number of dev versions registered: 23
LogDevObjectVersion:   Dev-Blueprints (B0D832E4-1F89-4F0D-ACCF-7EB736FD4AA2): 10
LogDevObjectVersion:   Dev-Build (E1C64328-A22C-4D53-A36C-8E866417BD8C): 0
LogDevObjectVersion:   Dev-Core (375EC13C-06E4-48FB-B500-84F0262A717E): 3
LogDevObjectVersion:   Dev-Editor (E4B068ED-F494-42E9-A231-DA0B2E46BB41): 30
LogDevObjectVersion:   Dev-Framework (CFFC743F-43B0-4480-9391-14DF171D2073): 35
LogDevObjectVersion:   Dev-Mobile (B02B49B5-BB20-44E9-A304-32B752E40360): 2
LogDevObjectVersion:   Dev-Networking (A4E4105C-59A1-49B5-A7C5-40C4547EDFEE): 0
LogDevObjectVersion:   Dev-Online (39C831C9-5AE6-47DC-9A44-9C173E1C8E7C): 0
LogDevObjectVersion:   Dev-Physics (78F01B33-EBEA-4F98-B9B4-84EACCB95AA2): 0
LogDevObjectVersion:   Dev-Platform (6631380F-2D4D-43E0-8009-CF276956A95A): 0
LogDevObjectVersion:   Dev-Rendering (12F88B9F-8875-4AFC-A67C-D90C383ABD29): 28
LogDevObjectVersion:   Dev-Sequencer (7B5AE74C-D270-4C10-A958-57980B212A5A): 11
LogDevObjectVersion:   Dev-VR (D7296918-1DD6-4BDD-9DE2-64A83CC13884): 2
LogDevObjectVersion:   Dev-LoadTimes (C2A15278-BFE7-4AFE-6C17-90FF531DF755): 1
LogDevObjectVersion:   Private-Geometry (6EACA3D4-40EC-4CC1-B786-8BED09428FC5): 3
LogDevObjectVersion:   Dev-AnimPhys (29E575DD-E0A3-4627-9D10-D276232CDCEA): 17
LogDevObjectVersion:   Dev-Anim (AF43A65D-7FD3-4947-9873-3E8ED9C1BB05): 2
LogDevObjectVersion:   Dev-ReflectionCapture (6B266CEC-1EC7-4B8F-A30B-E4D90942FC07): 1
LogDevObjectVersion:   Dev-Automation (0DF73D61-A23F-47EA-B727-89E90C41499A): 1
LogDevObjectVersion:   FortniteMain (601D1886-AC64-4F84-AA16-D3DE0DEAC7D6): 25
LogDevObjectVersion:   Dev-Enterprise (9DFFBCD6-494F-0158-E221-12823C92A888): 6
LogDevObjectVersion:   Dev-Niagara (F2AED0AC-9AFE-416F-8664-AA7FFA26D6FC): 1
LogDevObjectVersion:   Dev-Destruction (174F1F0B-B4C6-45A5-B13F-2EE8D0FB917D): 2
LogInit: Presizing for max 16777216 objects, including 0 objects not considered by GC, pre-allocating 0 bytes for permanent pool.
LogInit: Object subsystem initialized
LogConfig: Setting CVar [[con.DebugEarlyDefault:1]]
LogConfig: Setting CVar [[r.setres:1280x720]]
[2019.06.27-19.57.56:792][  0]LogConfig: Setting CVar [[r.VSync:0]]
[2019.06.27-19.57.56:792][  0]LogConfig: Setting CVar [[r.RHICmdBypass:0]]
[2019.06.27-19.57.56:792][  0]LogConfig: Applying CVar settings from Section [/Script/Engine.RendererSettings] File [C:/Users/hiszp/Documents/unrealTutorials/BatteryCollector/Saved/Config/Windows/Engine.ini]
[2019.06.27-19.57.56:792][  0]LogConfig: Setting CVar [[r.GPUCrashDebugging:0]]
[2019.06.27-19.57.56:792][  0]LogConfig: Applying CVar settings from Section [/Script/Engine.RendererOverrideSettings] File [C:/Users/hiszp/Documents/unrealTutorials/BatteryCollector/Saved/Config/Windows/Engine.ini]
[2019.06.27-19.57.56:792][  0]LogConfig: Applying CVar settings from Section [/Script/Engine.StreamingSettings] File [C:/Users/hiszp/Documents/unrealTutorials/BatteryCollector/Saved/Config/Windows/Engine.ini]
[2019.06.27-19.57.56:792][  0]LogConfig: Setting CVar [[s.MinBulkDataSizeForAsyncLoading:131072]]
[2019.06.27-19.57.56:792][  0]LogConfig: Setting CVar [[s.AsyncLoadingThreadEnabled:0]]
[2019.06.27-19.57.56:792][  0]LogConfig: Setting CVar [[s.EventDrivenLoaderEnabled:1]]
[2019.06.27-19.57.56:792][  0]LogConfig: Setting CVar [[s.WarnIfTimeLimitExceeded:0]]
[2019.06.27-19.57.56:792][  0]LogConfig: Setting CVar [[s.TimeLimitExceededMultiplier:1.5]]
[2019.06.27-19.57.56:792][  0]LogConfig: Setting CVar [[s.TimeLimitExceededMinTime:0.005]]
[2019.06.27-19.57.56:792][  0]LogConfig: Setting CVar [[s.UseBackgroundLevelStreaming:1]]
[2019.06.27-19.57.56:793][  0]LogConfig: Setting CVar [[s.PriorityAsyncLoadingExtraTime:15.0]]
[2019.06.27-19.57.56:793][  0]LogConfig: Setting CVar [[s.LevelStreamingActorsUpdateTimeLimit:5.0]]
[2019.06.27-19.57.56:793][  0]LogConfig: Setting CVar [[s.PriorityLevelStreamingActorsUpdateExtraTime:5.0]]
[2019.06.27-19.57.56:793][  0]LogConfig: Setting CVar [[s.LevelStreamingComponentsRegistrationGranularity:10]]
[2019.06.27-19.57.56:793][  0]LogConfig: Setting CVar [[s.UnregisterComponentsTimeLimit:1.0]]
[2019.06.27-19.57.56:793][  0]LogConfig: Setting CVar [[s.LevelStreamingComponentsUnregistrationGranularity:5]]
[2019.06.27-19.57.56:793][  0]LogConfig: Applying CVar settings from Section [/Script/Engine.GarbageCollectionSettings] File [C:/Users/hiszp/Documents/unrealTutorials/BatteryCollector/Saved/Config/Windows/Engine.ini]
[2019.06.27-19.57.56:793][  0]LogConfig: Setting CVar [[gc.MaxObjectsNotConsideredByGC:1]]
[2019.06.27-19.57.56:793][  0]LogConfig: Setting CVar [[gc.SizeOfPermanentObjectPool:0]]
[2019.06.27-19.57.56:793][  0]LogConfig: Setting CVar [[gc.FlushStreamingOnGC:0]]
[2019.06.27-19.57.56:793][  0]LogConfig: Setting CVar [[gc.NumRetriesBeforeForcingGC:10]]
[2019.06.27-19.57.56:793][  0]LogConfig: Setting CVar [[gc.AllowParallelGC:1]]
[2019.06.27-19.57.56:793][  0]LogConfig: Setting CVar [[gc.TimeBetweenPurgingPendingKillObjects:61.1]]
[2019.06.27-19.57.56:793][  0]LogConfig: Setting CVar [[gc.MaxObjectsInEditor:16777216]]
[2019.06.27-19.57.56:793][  0]LogConfig: Setting CVar [[gc.IncrementalBeginDestroyEnabled:1]]
[2019.06.27-19.57.56:793][  0]LogConfig: Setting CVar [[gc.CreateGCClusters:1]]
[2019.06.27-19.57.56:793][  0]LogConfig: Setting CVar [[gc.MinGCClusterSize:5]]
[2019.06.27-19.57.56:793][  0]LogConfig: Setting CVar [[gc.ActorClusteringEnabled:0]]
[2019.06.27-19.57.56:793][  0]LogConfig: Setting CVar [[gc.BlueprintClusteringEnabled:0]]
[2019.06.27-19.57.56:793][  0]LogConfig: Setting CVar [[gc.UseDisregardForGCOnDedicatedServers:0]]
[2019.06.27-19.57.56:793][  0]LogConfig: Applying CVar settings from Section [/Script/Engine.NetworkSettings] File [C:/Users/hiszp/Documents/unrealTutorials/BatteryCollector/Saved/Config/Windows/Engine.ini]
[2019.06.27-19.57.56:793][  0]LogConfig: Applying CVar settings from Section [/Script/UnrealEd.CookerSettings] File [C:/Users/hiszp/Documents/unrealTutorials/BatteryCollector/Saved/Config/Windows/Engine.ini]
[2019.06.27-19.57.56:797][  0]LogConfig: Applying CVar settings from Section [ViewDistanceQuality@3] File [C:/Users/hiszp/Documents/unrealTutorials/BatteryCollector/Saved/Config/Windows/Scalability.ini]
[2019.06.27-19.57.56:797][  0]LogConfig: Setting CVar [[r.SkeletalMeshLODBias:0]]
[2019.06.27-19.57.56:797][  0]LogConfig: Setting CVar [[r.ViewDistanceScale:1.0]]
[2019.06.27-19.57.56:797][  0]LogConfig: Applying CVar settings from Section [AntiAliasingQuality@3] File [C:/Users/hiszp/Documents/unrealTutorials/BatteryCollector/Saved/Config/Windows/Scalability.ini]
[2019.06.27-19.57.56:797][  0]LogConfig: Setting CVar [[r.PostProcessAAQuality:4]]
[2019.06.27-19.57.56:797][  0]LogConfig: Applying CVar settings from Section [ShadowQuality@3] File [C:/Users/hiszp/Documents/unrealTutorials/BatteryCollector/Saved/Config/Windows/Scalability.ini]
[2019.06.27-19.57.56:797][  0]LogConfig: Setting CVar [[r.LightFunctionQuality:1]]
[2019.06.27-19.57.56:797][  0]LogConfig: Setting CVar [[r.ShadowQuality:5]]
[2019.06.27-19.57.56:797][  0]LogConfig: Setting CVar [[r.Shadow.CSM.MaxCascades:10]]
[2019.06.27-19.57.56:797][  0]LogConfig: Setting CVar [[r.Shadow.MaxResolution:2048]]
[2019.06.27-19.57.56:797][  0]LogConfig: Setting CVar [[r.Shadow.MaxCSMResolution:2048]]
[2019.06.27-19.57.56:797][  0]LogConfig: Setting CVar [[r.Shadow.RadiusThreshold:0.01]]
[2019.06.27-19.57.56:797][  0]LogConfig: Setting CVar [[r.Shadow.DistanceScale:1.0]]
[2019.06.27-19.57.56:797][  0]LogConfig: Setting CVar [[r.Shadow.CSM.TransitionScale:1.0]]
[2019.06.27-19.57.56:797][  0]LogConfig: Setting CVar [[r.Shadow.PreShadowResolutionFactor:1.0]]
[2019.06.27-19.57.56:797][  0]LogConfig: Setting CVar [[r.DistanceFieldShadowing:1]]
[2019.06.27-19.57.56:797][  0]LogConfig: Setting CVar [[r.DistanceFieldAO:1]]
[2019.06.27-19.57.56:797][  0]LogConfig: Setting CVar [[r.AOQuality:2]]
[2019.06.27-19.57.56:797][  0]LogConfig: Setting CVar [[r.VolumetricFog:1]]
[2019.06.27-19.57.56:798][  0]LogConfig: Setting CVar [[r.VolumetricFog.GridPixelSize:8]]
[2019.06.27-19.57.56:798][  0]LogConfig: Setting CVar [[r.VolumetricFog.GridSizeZ:128]]
[2019.06.27-19.57.56:798][  0]LogConfig: Setting CVar [[r.VolumetricFog.HistoryMissSupersampleCount:4]]
[2019.06.27-19.57.56:798][  0]LogConfig: Setting CVar [[r.LightMaxDrawDistanceScale:1]]
[2019.06.27-19.57.56:798][  0]LogConfig: Setting CVar [[r.CapsuleShadows:1]]
[2019.06.27-19.57.56:798][  0]LogConfig: Applying CVar settings from Section [PostProcessQuality@3] File [C:/Users/hiszp/Documents/unrealTutorials/BatteryCollector/Saved/Config/Windows/Scalability.ini]
[2019.06.27-19.57.56:798][  0]LogConfig: Setting CVar [[r.MotionBlurQuality:4]]
[2019.06.27-19.57.56:798][  0]LogConfig: Setting CVar [[r.AmbientOcclusionMipLevelFactor:0.4]]
[2019.06.27-19.57.56:798][  0]LogConfig: Setting CVar [[r.AmbientOcclusionMaxQuality:100]]
[2019.06.27-19.57.56:798][  0]LogConfig: Setting CVar [[r.AmbientOcclusionLevels:-1]]
[2019.06.27-19.57.56:798][  0]LogConfig: Setting CVar [[r.AmbientOcclusionRadiusScale:1.0]]
[2019.06.27-19.57.56:798][  0]LogConfig: Setting CVar [[r.DepthOfFieldQuality:2]]
[2019.06.27-19.57.56:798][  0]LogConfig: Setting CVar [[r.RenderTargetPoolMin:400]]
[2019.06.27-19.57.56:798][  0]LogConfig: Setting CVar [[r.LensFlareQuality:2]]
[2019.06.27-19.57.56:798][  0]LogConfig: Setting CVar [[r.SceneColorFringeQuality:1]]
[2019.06.27-19.57.56:798][  0]LogConfig: Setting CVar [[r.EyeAdaptationQuality:2]]
[2019.06.27-19.57.56:798][  0]LogConfig: Setting CVar [[r.BloomQuality:5]]
[2019.06.27-19.57.56:798][  0]LogConfig: Setting CVar [[r.FastBlurThreshold:100]]
[2019.06.27-19.57.56:798][  0]LogConfig: Setting CVar [[r.Upscale.Quality:3]]
[2019.06.27-19.57.56:798][  0]LogConfig: Setting CVar [[r.Tonemapper.GrainQuantization:1]]
[2019.06.27-19.57.56:798][  0]LogConfig: Setting CVar [[r.LightShaftQuality:1]]
[2019.06.27-19.57.56:798][  0]LogConfig: Setting CVar [[r.Filter.SizeScale:1]]
[2019.06.27-19.57.56:798][  0]LogConfig: Setting CVar [[r.Tonemapper.Quality:5]]
[2019.06.27-19.57.56:798][  0]LogConfig: Setting CVar [[r.DOF.Gather.AccumulatorQuality:1        ; higher gathering accumulator quality]]
[2019.06.27-19.57.56:798][  0]LogConfig: Setting CVar [[r.DOF.Gather.PostfilterMethod:1          ; Median3x3 postfilering method]]
[2019.06.27-19.57.56:798][  0]LogConfig: Setting CVar [[r.DOF.Gather.EnableBokehSettings:0       ; no bokeh simulation when gathering]]
[2019.06.27-19.57.56:798][  0]LogConfig: Setting CVar [[r.DOF.Gather.RingCount:4                 ; medium number of samples when gathering]]
[2019.06.27-19.57.56:798][  0]LogConfig: Setting CVar [[r.DOF.Scatter.ForegroundCompositing:1    ; additive foreground scattering]]
[2019.06.27-19.57.56:798][  0]LogConfig: Setting CVar [[r.DOF.Scatter.BackgroundCompositing:2    ; additive background scattering]]
[2019.06.27-19.57.56:798][  0]LogConfig: Setting CVar [[r.DOF.Scatter.EnableBokehSettings:1      ; bokeh simulation when scattering]]
[2019.06.27-19.57.56:798][  0]LogConfig: Setting CVar [[r.DOF.Scatter.MaxSpriteRatio:0.1         ; only a maximum of 10% of scattered bokeh]]
[2019.06.27-19.57.56:798][  0]LogConfig: Setting CVar [[r.DOF.Recombine.Quality:1                ; cheap slight out of focus]]
[2019.06.27-19.57.56:798][  0]LogConfig: Setting CVar [[r.DOF.Recombine.EnableBokehSettings:0    ; no bokeh simulation on slight out of focus]]
[2019.06.27-19.57.56:798][  0]LogConfig: Setting CVar [[r.DOF.TemporalAAQuality:1                ; more stable temporal accumulation]]
[2019.06.27-19.57.56:798][  0]LogConfig: Setting CVar [[r.DOF.Kernel.MaxForegroundRadius:0.025]]
[2019.06.27-19.57.56:798][  0]LogConfig: Setting CVar [[r.DOF.Kernel.MaxBackgroundRadius:0.025]]
[2019.06.27-19.57.56:798][  0]LogConfig: Applying CVar settings from Section [TextureQuality@3] File [C:/Users/hiszp/Documents/unrealTutorials/BatteryCollector/Saved/Config/Windows/Scalability.ini]
[2019.06.27-19.57.56:798][  0]LogConfig: Setting CVar [[r.Streaming.MipBias:0]]
[2019.06.27-19.57.56:798][  0]LogConfig: Setting CVar [[r.Streaming.AmortizeCPUToGPUCopy:0]]
[2019.06.27-19.57.56:798][  0]LogConfig: Setting CVar [[r.Streaming.MaxNumTexturesToStreamPerFrame:0]]
[2019.06.27-19.57.56:798][  0]LogConfig: Setting CVar [[r.Streaming.Boost:1]]
[2019.06.27-19.57.56:798][  0]LogConfig: Setting CVar [[r.MaxAnisotropy:8]]
[2019.06.27-19.57.56:798][  0]LogConfig: Setting CVar [[r.Streaming.LimitPoolSizeToVRAM:0]]
[2019.06.27-19.57.56:798][  0]LogConfig: Setting CVar [[r.Streaming.PoolSize:1000]]
[2019.06.27-19.57.56:798][  0]LogConfig: Setting CVar [[r.Streaming.MaxEffectiveScreenSize:0]]
[2019.06.27-19.57.56:798][  0]LogConfig: Applying CVar settings from Section [EffectsQuality@3] File [C:/Users/hiszp/Documents/unrealTutorials/BatteryCollector/Saved/Config/Windows/Scalability.ini]
[2019.06.27-19.57.56:798][  0]LogConfig: Setting CVar [[r.TranslucencyLightingVolumeDim:64]]
[2019.06.27-19.57.56:798][  0]LogConfig: Setting CVar [[r.RefractionQuality:2]]
[2019.06.27-19.57.56:798][  0]LogConfig: Setting CVar [[r.SSR.Quality:3]]
[2019.06.27-19.57.56:798][  0]LogConfig: Setting CVar [[r.SceneColorFormat:4]]
[2019.06.27-19.57.56:798][  0]LogConfig: Setting CVar [[r.DetailMode:2]]
[2019.06.27-19.57.56:798][  0]LogConfig: Setting CVar [[r.TranslucencyVolumeBlur:1]]
[2019.06.27-19.57.56:798][  0]LogConfig: Setting CVar [[r.MaterialQualityLevel:1 ; High quality]]
[2019.06.27-19.57.56:798][  0]LogConfig: Setting CVar [[r.SSS.Scale:1]]
[2019.06.27-19.57.56:799][  0]LogConfig: Setting CVar [[r.SSS.SampleSet:2]]
[2019.06.27-19.57.56:799][  0]LogConfig: Setting CVar [[r.SSS.Quality:1]]
[2019.06.27-19.57.56:799][  0]LogConfig: Setting CVar [[r.SSS.HalfRes:1]]
[2019.06.27-19.57.56:799][  0]LogConfig: Setting CVar [[r.EmitterSpawnRateScale:1.0]]
[2019.06.27-19.57.56:799][  0]LogConfig: Setting CVar [[r.ParticleLightQuality:2]]
[2019.06.27-19.57.56:799][  0]LogConfig: Applying CVar settings from Section [FoliageQuality@3] File [C:/Users/hiszp/Documents/unrealTutorials/BatteryCollector/Saved/Config/Windows/Scalability.ini]
[2019.06.27-19.57.56:799][  0]LogConfig: Setting CVar [[foliage.DensityScale:1.0]]
[2019.06.27-19.57.56:799][  0]LogConfig: Setting CVar [[grass.DensityScale:1.0]]
[2019.06.27-19.57.56:799][  0]LogInit: Selected Device Profile: [Windows]
[2019.06.27-19.57.56:799][  0]LogInit: Applying CVar settings loaded from the selected device profile: [Windows]
[2019.06.27-19.57.56:817][  0]LogHAL: Display: Platform has ~ 16 GB [17053306880 / 17179869184 / 16], which maps to Larger [LargestMinGB=32, LargerMinGB=12, DefaultMinGB=8, SmallerMinGB=6, SmallestMinGB=0)
[2019.06.27-19.57.56:817][  0]LogConfig: Setting CVar [[r.Vulkan.UseRealUBs:0		; Required until we fix HLR fall-out]]
[2019.06.27-19.57.56:817][  0]LogInit: Going up to parent DeviceProfile []
[2019.06.27-19.57.56:817][  0]LogConfig: Applying CVar settings from Section [ViewDistanceQuality@3] File [C:/Users/hiszp/Documents/unrealTutorials/BatteryCollector/Saved/Config/Windows/Scalability.ini]
[2019.06.27-19.57.56:817][  0]LogConfig: Setting CVar [[r.SkeletalMeshLODBias:0]]
[2019.06.27-19.57.56:817][  0]LogConfig: Setting CVar [[r.ViewDistanceScale:1.0]]
[2019.06.27-19.57.56:817][  0]LogConfig: Applying CVar settings from Section [AntiAliasingQuality@3] File [C:/Users/hiszp/Documents/unrealTutorials/BatteryCollector/Saved/Config/Windows/Scalability.ini]
[2019.06.27-19.57.56:817][  0]LogConfig: Setting CVar [[r.PostProcessAAQuality:4]]
[2019.06.27-19.57.56:817][  0]LogConfig: Applying CVar settings from Section [ShadowQuality@3] File [C:/Users/hiszp/Documents/unrealTutorials/BatteryCollector/Saved/Config/Windows/Scalability.ini]
[2019.06.27-19.57.56:817][  0]LogConfig: Setting CVar [[r.LightFunctionQuality:1]]
[2019.06.27-19.57.56:817][  0]LogConfig: Setting CVar [[r.ShadowQuality:5]]
[2019.06.27-19.57.56:817][  0]LogConfig: Setting CVar [[r.Shadow.CSM.MaxCascades:10]]
[2019.06.27-19.57.56:817][  0]LogConfig: Setting CVar [[r.Shadow.MaxResolution:2048]]
[2019.06.27-19.57.56:817][  0]LogConfig: Setting CVar [[r.Shadow.MaxCSMResolution:2048]]
[2019.06.27-19.57.56:817][  0]LogConfig: Setting CVar [[r.Shadow.RadiusThreshold:0.01]]
[2019.06.27-19.57.56:817][  0]LogConfig: Setting CVar [[r.Shadow.DistanceScale:1.0]]
[2019.06.27-19.57.56:817][  0]LogConfig: Setting CVar [[r.Shadow.CSM.TransitionScale:1.0]]
[2019.06.27-19.57.56:817][  0]LogConfig: Setting CVar [[r.Shadow.PreShadowResolutionFactor:1.0]]
[2019.06.27-19.57.56:817][  0]LogConfig: Setting CVar [[r.DistanceFieldShadowing:1]]
[2019.06.27-19.57.56:817][  0]LogConfig: Setting CVar [[r.DistanceFieldAO:1]]
[2019.06.27-19.57.56:817][  0]LogConfig: Setting CVar [[r.AOQuality:2]]
[2019.06.27-19.57.56:817][  0]LogConfig: Setting CVar [[r.VolumetricFog:1]]
[2019.06.27-19.57.56:817][  0]LogConfig: Setting CVar [[r.VolumetricFog.GridPixelSize:8]]
[2019.06.27-19.57.56:817][  0]LogConfig: Setting CVar [[r.VolumetricFog.GridSizeZ:128]]
[2019.06.27-19.57.56:817][  0]LogConfig: Setting CVar [[r.VolumetricFog.HistoryMissSupersampleCount:4]]
[2019.06.27-19.57.56:817][  0]LogConfig: Setting CVar [[r.LightMaxDrawDistanceScale:1]]
[2019.06.27-19.57.56:817][  0]LogConfig: Setting CVar [[r.CapsuleShadows:1]]
[2019.06.27-19.57.56:817][  0]LogConfig: Applying CVar settings from Section [PostProcessQuality@3] File [C:/Users/hiszp/Documents/unrealTutorials/BatteryCollector/Saved/Config/Windows/Scalability.ini]
[2019.06.27-19.57.56:817][  0]LogConfig: Setting CVar [[r.MotionBlurQuality:4]]
[2019.06.27-19.57.56:817][  0]LogConfig: Setting CVar [[r.AmbientOcclusionMipLevelFactor:0.4]]
[2019.06.27-19.57.56:817][  0]LogConfig: Setting CVar [[r.AmbientOcclusionMaxQuality:100]]
[2019.06.27-19.57.56:817][  0]LogConfig: Setting CVar [[r.AmbientOcclusionLevels:-1]]
[2019.06.27-19.57.56:817][  0]LogConfig: Setting CVar [[r.AmbientOcclusionRadiusScale:1.0]]
[2019.06.27-19.57.56:817][  0]LogConfig: Setting CVar [[r.DepthOfFieldQuality:2]]
[2019.06.27-19.57.56:817][  0]LogConfig: Setting CVar [[r.RenderTargetPoolMin:400]]
[2019.06.27-19.57.56:817][  0]LogConfig: Setting CVar [[r.LensFlareQuality:2]]
[2019.06.27-19.57.56:817][  0]LogConfig: Setting CVar [[r.SceneColorFringeQuality:1]]
[2019.06.27-19.57.56:817][  0]LogConfig: Setting CVar [[r.EyeAdaptationQuality:2]]
[2019.06.27-19.57.56:817][  0]LogConfig: Setting CVar [[r.BloomQuality:5]]
[2019.06.27-19.57.56:817][  0]LogConfig: Setting CVar [[r.FastBlurThreshold:100]]
[2019.06.27-19.57.56:817][  0]LogConfig: Setting CVar [[r.Upscale.Quality:3]]
[2019.06.27-19.57.56:817][  0]LogConfig: Setting CVar [[r.Tonemapper.GrainQuantization:1]]
[2019.06.27-19.57.56:817][  0]LogConfig: Setting CVar [[r.LightShaftQuality:1]]
[2019.06.27-19.57.56:817][  0]LogConfig: Setting CVar [[r.Filter.SizeScale:1]]
[2019.06.27-19.57.56:817][  0]LogConfig: Setting CVar [[r.Tonemapper.Quality:5]]
[2019.06.27-19.57.56:817][  0]LogConfig: Setting CVar [[r.DOF.Gather.AccumulatorQuality:1        ; higher gathering accumulator quality]]
[2019.06.27-19.57.56:817][  0]LogConfig: Setting CVar [[r.DOF.Gather.PostfilterMethod:1          ; Median3x3 postfilering method]]
[2019.06.27-19.57.56:817][  0]LogConfig: Setting CVar [[r.DOF.Gather.EnableBokehSettings:0       ; no bokeh simulation when gathering]]
[2019.06.27-19.57.56:817][  0]LogConfig: Setting CVar [[r.DOF.Gather.RingCount:4                 ; medium number of samples when gathering]]
[2019.06.27-19.57.56:817][  0]LogConfig: Setting CVar [[r.DOF.Scatter.ForegroundCompositing:1    ; additive foreground scattering]]
[2019.06.27-19.57.56:817][  0]LogConfig: Setting CVar [[r.DOF.Scatter.BackgroundCompositing:2    ; additive background scattering]]
[2019.06.27-19.57.56:817][  0]LogConfig: Setting CVar [[r.DOF.Scatter.EnableBokehSettings:1      ; bokeh simulation when scattering]]
[2019.06.27-19.57.56:817][  0]LogConfig: Setting CVar [[r.DOF.Scatter.MaxSpriteRatio:0.1         ; only a maximum of 10% of scattered bokeh]]
[2019.06.27-19.57.56:817][  0]LogConfig: Setting CVar [[r.DOF.Recombine.Quality:1                ; cheap slight out of focus]]
[2019.06.27-19.57.56:818][  0]LogConfig: Setting CVar [[r.DOF.Recombine.EnableBokehSettings:0    ; no bokeh simulation on slight out of focus]]
[2019.06.27-19.57.56:818][  0]LogConfig: Setting CVar [[r.DOF.TemporalAAQuality:1                ; more stable temporal accumulation]]
[2019.06.27-19.57.56:818][  0]LogConfig: Setting CVar [[r.DOF.Kernel.MaxForegroundRadius:0.025]]
[2019.06.27-19.57.56:818][  0]LogConfig: Setting CVar [[r.DOF.Kernel.MaxBackgroundRadius:0.025]]
[2019.06.27-19.57.56:818][  0]LogConfig: Applying CVar settings from Section [TextureQuality@3] File [C:/Users/hiszp/Documents/unrealTutorials/BatteryCollector/Saved/Config/Windows/Scalability.ini]
[2019.06.27-19.57.56:818][  0]LogConfig: Setting CVar [[r.Streaming.MipBias:0]]
[2019.06.27-19.57.56:818][  0]LogConfig: Setting CVar [[r.Streaming.AmortizeCPUToGPUCopy:0]]
[2019.06.27-19.57.56:818][  0]LogConfig: Setting CVar [[r.Streaming.MaxNumTexturesToStreamPerFrame:0]]
[2019.06.27-19.57.56:818][  0]LogConfig: Setting CVar [[r.Streaming.Boost:1]]
[2019.06.27-19.57.56:818][  0]LogConfig: Setting CVar [[r.MaxAnisotropy:8]]
[2019.06.27-19.57.56:818][  0]LogConfig: Setting CVar [[r.Streaming.LimitPoolSizeToVRAM:0]]
[2019.06.27-19.57.56:818][  0]LogConfig: Setting CVar [[r.Streaming.PoolSize:1000]]
[2019.06.27-19.57.56:818][  0]LogConfig: Setting CVar [[r.Streaming.MaxEffectiveScreenSize:0]]
[2019.06.27-19.57.56:818][  0]LogConfig: Applying CVar settings from Section [EffectsQuality@3] File [C:/Users/hiszp/Documents/unrealTutorials/BatteryCollector/Saved/Config/Windows/Scalability.ini]
[2019.06.27-19.57.56:818][  0]LogConfig: Setting CVar [[r.TranslucencyLightingVolumeDim:64]]
[2019.06.27-19.57.56:818][  0]LogConfig: Setting CVar [[r.RefractionQuality:2]]
[2019.06.27-19.57.56:818][  0]LogConfig: Setting CVar [[r.SSR.Quality:3]]
[2019.06.27-19.57.56:818][  0]LogConfig: Setting CVar [[r.SceneColorFormat:4]]
[2019.06.27-19.57.56:818][  0]LogConfig: Setting CVar [[r.DetailMode:2]]
[2019.06.27-19.57.56:818][  0]LogConfig: Setting CVar [[r.TranslucencyVolumeBlur:1]]
[2019.06.27-19.57.56:818][  0]LogConfig: Setting CVar [[r.MaterialQualityLevel:1 ; High quality]]
[2019.06.27-19.57.56:818][  0]LogConfig: Setting CVar [[r.SSS.Scale:1]]
[2019.06.27-19.57.56:818][  0]LogConfig: Setting CVar [[r.SSS.SampleSet:2]]
[2019.06.27-19.57.56:818][  0]LogConfig: Setting CVar [[r.SSS.Quality:1]]
[2019.06.27-19.57.56:818][  0]LogConfig: Setting CVar [[r.SSS.HalfRes:1]]
[2019.06.27-19.57.56:818][  0]LogConfig: Setting CVar [[r.EmitterSpawnRateScale:1.0]]
[2019.06.27-19.57.56:818][  0]LogConfig: Setting CVar [[r.ParticleLightQuality:2]]
[2019.06.27-19.57.56:818][  0]LogConfig: Applying CVar settings from Section [FoliageQuality@3] File [C:/Users/hiszp/Documents/unrealTutorials/BatteryCollector/Saved/Config/Windows/Scalability.ini]
[2019.06.27-19.57.56:818][  0]LogConfig: Setting CVar [[foliage.DensityScale:1.0]]
[2019.06.27-19.57.56:818][  0]LogConfig: Setting CVar [[grass.DensityScale:1.0]]
[2019.06.27-19.57.56:818][  0]LogConfig: Applying CVar settings from Section [Startup] File [../../../Engine/Config/ConsoleVariables.ini]
[2019.06.27-19.57.56:818][  0]LogConfig: Setting CVar [[net.UseAdaptiveNetUpdateFrequency:0]]
[2019.06.27-19.57.56:818][  0]LogConfig: Setting CVar [[p.chaos.AllowCreatePhysxBodies:1]]
[2019.06.27-19.57.56:818][  0]LogConfig: Applying CVar settings from Section [ConsoleVariables] File [C:/Users/hiszp/Documents/unrealTutorials/BatteryCollector/Saved/Config/Windows/Engine.ini]
[2019.06.27-19.57.56:819][  0]LogInit: Computer: LAPTOP-N6DQ3EP4
[2019.06.27-19.57.56:819][  0]LogInit: User: hiszp
[2019.06.27-19.57.56:819][  0]LogInit: CPU Page size=4096, Cores=6
[2019.06.27-19.57.56:819][  0]LogInit: High frequency timer resolution =2.156251 MHz
[2019.06.27-19.57.56:819][  0]LogMemory: Memory total: Physical=15.9GB (16GB approx)
[2019.06.27-19.57.56:819][  0]LogMemory: Platform Memory Stats for Windows
[2019.06.27-19.57.56:819][  0]LogMemory: Process Physical Memory: 96.99 MB used, 96.99 MB peak
[2019.06.27-19.57.56:819][  0]LogMemory: Process Virtual Memory: 90.04 MB used, 90.04 MB peak
[2019.06.27-19.57.56:819][  0]LogMemory: Physical Memory: 8565.73 MB used,  7697.57 MB free, 16263.30 MB total
[2019.06.27-19.57.56:819][  0]LogMemory: Virtual Memory: 4672.63 MB used,  134213056.00 MB free, 134217728.00 MB total
[2019.06.27-19.57.56:843][  0]LogInit: Using OS detected language (en-GB).
[2019.06.27-19.57.56:843][  0]LogInit: Using OS detected locale (en-GB).
[2019.06.27-19.57.56:844][  0]LogTextLocalizationManager: No specific localization for 'en-GB' exists, so the 'en' localization will be used.
[2019.06.27-19.57.56:995][  0]LogInit: Setting process to per monitor DPI aware
[2019.06.27-19.57.57:024][  0]LogSlate: New Slate User Created.  User Index 0, Is Virtual User: 0
[2019.06.27-19.57.57:024][  0]LogSlate: Slate User Registered.  User Index 0, Is Virtual User: 0
[2019.06.27-19.57.57:195][  0]LogHMD: Failed to initialize OpenVR with code 110
[2019.06.27-19.57.57:195][  0]LogD3D11RHI: D3D11 adapters:
[2019.06.27-19.57.57:275][  0]LogD3D11RHI:    0. 'NVIDIA GeForce GTX 1050 Ti' (Feature Level 11_0)
[2019.06.27-19.57.57:275][  0]LogD3D11RHI:       4018/0/8131 MB DedicatedVideo/DedicatedSystem/SharedSystem, Outputs:1, VendorId:0x10de
[2019.06.27-19.57.57:288][  0]LogD3D11RHI:    1. 'Intel(R) UHD Graphics 630' (Feature Level 11_0)
[2019.06.27-19.57.57:288][  0]LogD3D11RHI:       128/0/8131 MB DedicatedVideo/DedicatedSystem/SharedSystem, Outputs:1, VendorId:0x8086
[2019.06.27-19.57.57:290][  0]LogD3D11RHI:    2. 'Microsoft Basic Render Driver' (Feature Level 11_0)
[2019.06.27-19.57.57:290][  0]LogD3D11RHI:       0/0/8131 MB DedicatedVideo/DedicatedSystem/SharedSystem, Outputs:0, VendorId:0x1414
[2019.06.27-19.57.57:290][  0]LogD3D11RHI: Chosen D3D11 Adapter: 0
[2019.06.27-19.57.57:299][  0]LogD3D11RHI: Creating new Direct3DDevice
[2019.06.27-19.57.57:299][  0]LogD3D11RHI:     GPU DeviceId: 0x1c8c (for the marketing name, search the web for "GPU Device Id")
[2019.06.27-19.57.57:299][  0]LogWindows: EnumDisplayDevices:
[2019.06.27-19.57.57:299][  0]LogWindows:    0. 'Intel(R) UHD Graphics 630' (P:0 D:1)
[2019.06.27-19.57.57:300][  0]LogWindows:    1. 'Intel(R) UHD Graphics 630' (P:0 D:0)
[2019.06.27-19.57.57:300][  0]LogWindows:    2. 'Intel(R) UHD Graphics 630' (P:0 D:0)
[2019.06.27-19.57.57:300][  0]LogWindows:    3. 'NVIDIA GeForce GTX 1050 Ti' (P:1 D:1)
[2019.06.27-19.57.57:301][  0]LogWindows:    4. 'NVIDIA GeForce GTX 1050 Ti' (P:0 D:0)
[2019.06.27-19.57.57:301][  0]LogWindows:    5. 'NVIDIA GeForce GTX 1050 Ti' (P:0 D:0)
[2019.06.27-19.57.57:301][  0]LogWindows:    6. 'NVIDIA GeForce GTX 1050 Ti' (P:0 D:0)
[2019.06.27-19.57.57:301][  0]LogWindows: DebugString: PrimaryIsNotTheChoosenAdapter PrimaryIsNotTheChoosenAdapter PrimaryIsNotTheChoosenAdapter FoundDriverCount:4 
[2019.06.27-19.57.57:301][  0]LogD3D11RHI:     Adapter Name: NVIDIA GeForce GTX 1050 Ti
[2019.06.27-19.57.57:301][  0]LogD3D11RHI:   Driver Version: 430.86 (internal:26.21.14.3086, unified:430.86)
[2019.06.27-19.57.57:301][  0]LogD3D11RHI:      Driver Date: 5-22-2019
[2019.06.27-19.57.57:301][  0]LogRHI: Texture pool is 2812 MB (70% of 4018 MB)
[2019.06.27-19.57.57:352][  0]LogD3D11RHI: Async texture creation enabled
[2019.06.27-19.57.57:356][  0]LogRendererCore: FGlobalReadBuffer::InitRHI
[2019.06.27-19.57.57:356][  0]LogRendererCore: FGlobalReadBuffer::InitRHI
[2019.06.27-19.57.57:356][  0]LogRendererCore: FGlobalReadBuffer::InitRHI
[2019.06.27-19.57.57:365][  0]LogD3D11RHI: GPU Timing Frequency: 1000.000000 (Debug: 2 1)
[2019.06.27-19.57.57:680][  0]LogTemp: Display: Module 'AllDesktopTargetPlatform' loaded TargetPlatform 'AllDesktop'
[2019.06.27-19.57.57:693][  0]LogTemp: Display: Module 'MacClientTargetPlatform' loaded TargetPlatform 'MacClient'
[2019.06.27-19.57.57:707][  0]LogTemp: Display: Module 'MacNoEditorTargetPlatform' loaded TargetPlatform 'MacNoEditor'
[2019.06.27-19.57.57:720][  0]LogTemp: Display: Module 'MacServerTargetPlatform' loaded TargetPlatform 'MacServer'
[2019.06.27-19.57.57:732][  0]LogTemp: Display: Module 'MacTargetPlatform' loaded TargetPlatform 'Mac'
[2019.06.27-19.57.57:744][  0]LogTemp: Display: Module 'WindowsClientTargetPlatform' loaded TargetPlatform 'WindowsClient'
[2019.06.27-19.57.57:758][  0]LogTemp: Display: Module 'WindowsNoEditorTargetPlatform' loaded TargetPlatform 'WindowsNoEditor'
[2019.06.27-19.57.57:773][  0]LogTemp: Display: Module 'WindowsServerTargetPlatform' loaded TargetPlatform 'WindowsServer'
[2019.06.27-19.57.57:779][  0]LogTemp: Display: Module 'WindowsTargetPlatform' loaded TargetPlatform 'Windows'
[2019.06.27-19.57.57:852][  0]LogTemp: Display: Module 'AndroidTargetPlatform' loaded TargetPlatform 'Android'
[2019.06.27-19.57.57:853][  0]LogTemp: Display: Module 'AndroidTargetPlatform' loaded TargetPlatform 'Android_ASTC'
[2019.06.27-19.57.57:853][  0]LogTemp: Display: Module 'AndroidTargetPlatform' loaded TargetPlatform 'Android_ATC'
[2019.06.27-19.57.57:853][  0]LogTemp: Display: Module 'AndroidTargetPlatform' loaded TargetPlatform 'Android_DXT'
[2019.06.27-19.57.57:853][  0]LogTemp: Display: Module 'AndroidTargetPlatform' loaded TargetPlatform 'Android_ETC1'
[2019.06.27-19.57.57:853][  0]LogTemp: Display: Module 'AndroidTargetPlatform' loaded TargetPlatform 'Android_ETC1a'
[2019.06.27-19.57.57:853][  0]LogTemp: Display: Module 'AndroidTargetPlatform' loaded TargetPlatform 'Android_ETC2'
[2019.06.27-19.57.57:853][  0]LogTemp: Display: Module 'AndroidTargetPlatform' loaded TargetPlatform 'Android_PVRTC'
[2019.06.27-19.57.57:853][  0]LogTemp: Display: Module 'AndroidTargetPlatform' loaded TargetPlatform 'AndroidClient'
[2019.06.27-19.57.57:853][  0]LogTemp: Display: Module 'AndroidTargetPlatform' loaded TargetPlatform 'Android_ASTCClient'
[2019.06.27-19.57.57:853][  0]LogTemp: Display: Module 'AndroidTargetPlatform' loaded TargetPlatform 'Android_ATCClient'
[2019.06.27-19.57.57:853][  0]LogTemp: Display: Module 'AndroidTargetPlatform' loaded TargetPlatform 'Android_DXTClient'
[2019.06.27-19.57.57:853][  0]LogTemp: Display: Module 'AndroidTargetPlatform' loaded TargetPlatform 'Android_ETC1Client'
[2019.06.27-19.57.57:853][  0]LogTemp: Display: Module 'AndroidTargetPlatform' loaded TargetPlatform 'Android_ETC1aClient'
[2019.06.27-19.57.57:853][  0]LogTemp: Display: Module 'AndroidTargetPlatform' loaded TargetPlatform 'Android_ETC2Client'
[2019.06.27-19.57.57:853][  0]LogTemp: Display: Module 'AndroidTargetPlatform' loaded TargetPlatform 'Android_PVRTCClient'
[2019.06.27-19.57.57:853][  0]LogTemp: Display: Module 'AndroidTargetPlatform' loaded TargetPlatform 'Android_Multi'
[2019.06.27-19.57.57:853][  0]LogTemp: Display: Module 'AndroidTargetPlatform' loaded TargetPlatform 'Android_MultiClient'
[2019.06.27-19.57.57:855][  0]LogTemp: Display: Module 'HTML5TargetPlatform' loaded TargetPlatform 'HTML5'
[2019.06.27-19.57.57:904][  0]LogTemp: Display: Module 'IOSTargetPlatform' loaded TargetPlatform 'IOSClient'
[2019.06.27-19.57.57:904][  0]LogTemp: Display: Module 'IOSTargetPlatform' loaded TargetPlatform 'IOS'
[2019.06.27-19.57.57:924][  0]LogTemp: Display: Module 'TVOSTargetPlatform' loaded TargetPlatform 'TVOSClient'
[2019.06.27-19.57.57:924][  0]LogTemp: Display: Module 'TVOSTargetPlatform' loaded TargetPlatform 'TVOS'
[2019.06.27-19.57.57:935][  0]LogTemp: Display: Module 'LinuxClientTargetPlatform' loaded TargetPlatform 'LinuxClient'
[2019.06.27-19.57.57:946][  0]LogTemp: Display: Module 'LinuxNoEditorTargetPlatform' loaded TargetPlatform 'LinuxNoEditor'
[2019.06.27-19.57.57:960][  0]LogTemp: Display: Module 'LinuxServerTargetPlatform' loaded TargetPlatform 'LinuxServer'
[2019.06.27-19.57.57:974][  0]LogTemp: Display: Module 'LinuxTargetPlatform' loaded TargetPlatform 'Linux'
[2019.06.27-19.57.58:022][  0]LogTemp: Display: Module 'LuminTargetPlatform' loaded TargetPlatform 'Lumin'
[2019.06.27-19.57.58:022][  0]LogTemp: Display: Module 'LuminTargetPlatform' loaded TargetPlatform 'LuminClient'
[2019.06.27-19.57.58:022][  0]LogTargetPlatformManager: Display: Building Assets For Windows
[2019.06.27-19.57.58:034][  0]LogAudioDebug: Display: Lib vorbis DLL was dynamically loaded.
[2019.06.27-19.57.58:081][  0]LogShaderCompilers: Guid format shader working directory is -27 characters bigger than the processId version (../../../../../../Users/hiszp/Documents/unrealTutorials/BatteryCollector/Intermediate/Shaders/WorkingDirectory/13756/).
[2019.06.27-19.57.58:081][  0]LogShaderCompilers: Cleaned the shader compiler working directory 'C:/Users/hiszp/AppData/Local/Temp/UnrealShaderWorkingDir/479BA3CB49D251F47501039FA7F12742/'.
[2019.06.27-19.57.58:083][  0]LogXGEController: Cannot use XGE Controller as Incredibuild is not installed on this machine.
[2019.06.27-19.57.58:083][  0]LogShaderCompilers: Cannot use XGE Shader Compiler as Incredibuild is not installed on this machine.
[2019.06.27-19.57.58:083][  0]LogShaderCompilers: Display: Using Local Shader Compiler.
[2019.06.27-19.57.58:582][  0]LogDerivedDataCache: Display: Max Cache Size: 512 MB
[2019.06.27-19.57.58:639][  0]LogDerivedDataCache: Loaded boot cache 0.06s 75MB C:/Users/hiszp/AppData/Local/UnrealEngine/4.22/DerivedDataCache/Boot.ddc.
[2019.06.27-19.57.58:639][  0]LogDerivedDataCache: Display: Loaded Boot cache: C:/Users/hiszp/AppData/Local/UnrealEngine/4.22/DerivedDataCache/Boot.ddc
[2019.06.27-19.57.58:639][  0]LogDerivedDataCache: FDerivedDataBackendGraph:  Pak pak cache file ../../../../../../Users/hiszp/Documents/unrealTutorials/BatteryCollector/DerivedDataCache/DDC.ddp not found, will not use a pak cache.
[2019.06.27-19.57.58:639][  0]LogDerivedDataCache: Unable to find inner node Pak for hierarchical cache Hierarchy.
[2019.06.27-19.57.58:639][  0]LogDerivedDataCache: FDerivedDataBackendGraph:  CompressedPak pak cache file ../../../../../../Users/hiszp/Documents/unrealTutorials/BatteryCollector/DerivedDataCache/Compressed.ddp not found, will not use a pak cache.
[2019.06.27-19.57.58:639][  0]LogDerivedDataCache: Unable to find inner node CompressedPak for hierarchical cache Hierarchy.
[2019.06.27-19.57.58:650][  0]LogDerivedDataCache: Display: Pak cache opened for reading ../../../Engine/DerivedDataCache/Compressed.ddp.
[2019.06.27-19.57.58:650][  0]LogDerivedDataCache: FDerivedDataBackendGraph:  EnterprisePak pak cache file ../../../Enterprise/DerivedDataCache/Compressed.ddp not found, will not use a pak cache.
[2019.06.27-19.57.58:650][  0]LogDerivedDataCache: Unable to find inner node EnterprisePak for hierarchical cache Hierarchy.
[2019.06.27-19.57.58:662][  0]LogDerivedDataCache: Using Local data cache path C:/Users/hiszp/AppData/Local/UnrealEngine/Common/DerivedDataCache: Writable
[2019.06.27-19.57.58:662][  0]LogDerivedDataCache: Shared data cache path not found in *engine.ini, will not use an Shared cache.
[2019.06.27-19.57.58:662][  0]LogDerivedDataCache: Unable to find inner node Shared for hierarchical cache Hierarchy.
[2019.06.27-19.57.58:681][  0]LogMaterial: Verifying Global Shaders for PCD3D_SM5
[2019.06.27-19.57.58:683][  0]LogSlate: Using FreeType 2.6.0
[2019.06.27-19.57.58:683][  0]LogSlate: SlateFontServices - WITH_FREETYPE: 1, WITH_HARFBUZZ: 1
[2019.06.27-19.57.58:765][  0]LogAssetRegistry: FAssetRegistry took 0.0318 seconds to start up
[2019.06.27-19.57.59:065][  0]LogInit: Selected Device Profile: [Windows]
[2019.06.27-19.57.59:182][  0]LogMeshReduction: Using QuadricMeshReduction for automatic static mesh reduction
[2019.06.27-19.57.59:182][  0]LogMeshReduction: Using SimplygonMeshReduction for automatic skeletal mesh reduction
[2019.06.27-19.57.59:182][  0]LogMeshReduction: Using ProxyLODMeshReduction for automatic mesh merging
[2019.06.27-19.57.59:182][  0]LogMeshReduction: No distributed automatic mesh merging module available
[2019.06.27-19.57.59:182][  0]LogMeshMerging: No distributed automatic mesh merging module available
[2019.06.27-19.57.59:191][  0]LogNetVersion: BatteryCollector 1.0.0, NetCL: 5660361, EngineNetVer: 10, GameNetVer: 0 (Checksum: 2114802313)
[2019.06.27-19.57.59:557][  0]LogPackageLocalizationCache: Processed 10 localized package path(s) for 1 prioritized culture(s) in 0.052187 seconds
[2019.06.27-19.57.59:563][  0]LogUObjectArray: 42205 objects as part of root set at end of initial load.
[2019.06.27-19.57.59:563][  0]LogUObjectAllocator: 7325032 out of 0 bytes used by permanent object pool.
[2019.06.27-19.57.59:563][  0]LogUObjectArray: CloseDisregardForGC: 0/0 objects in disregard for GC pool
[2019.06.27-19.58.00:364][  0]LogTcpMessaging: Initializing TcpMessaging bridge
[2019.06.27-19.58.00:377][  0]LogUdpMessaging: Initializing bridge on interface 0.0.0.0:0 to multicast group 230.0.0.1:6666.
[2019.06.27-19.58.00:804][  0]SourceControl: Source control is disabled
[2019.06.27-19.58.00:804][  0]SourceControl: Source control is disabled
[2019.06.27-19.58.00:806][  0]SourceControl: Source control is disabled
[2019.06.27-19.58.00:807][  0]SourceControl: Source control is disabled
[2019.06.27-19.58.00:907][  0]LogAndroidPermission: UAndroidPermissionCallbackProxy::GetInstance
[2019.06.27-19.58.00:986][  0]LogOcInput: OculusInput pre-init called
[2019.06.27-19.58.01:576][  0]LogEngine: Initializing Engine...
[2019.06.27-19.58.01:577][  0]LogHMD: Failed to initialize OpenVR with code 110
[2019.06.27-19.58.01:578][  0]LogStats: UGameplayTagsManager::InitializeManager -  0.000 s
[2019.06.27-19.58.01:764][  0]LogInit: Initializing FReadOnlyCVARCache
[2019.06.27-19.58.01:788][  0]LogAIModule: Creating AISystem for world Untitled
[2019.06.27-19.58.01:803][  0]LogInit: XAudio2 using 'Głośniki (Realtek(R) Audio)' : 2 channels at 48 kHz using 32 bits per sample (channel mask 0x3)
[2019.06.27-19.58.01:820][  0]LogInit: FAudioDevice initialized.
[2019.06.27-19.58.01:821][  0]LogNetVersion: Set ProjectVersion to 1.0.0.0. Version Checksum will be recalculated on next use.
[2019.06.27-19.58.01:866][  0]LogDerivedDataCache: Saved boot cache 0.05s 75MB C:/Users/hiszp/AppData/Local/UnrealEngine/4.22/DerivedDataCache/Boot.ddc.
[2019.06.27-19.58.01:885][  0]LogInit: Texture streaming: Enabled
[2019.06.27-19.58.01:901][  0]LogEngineSessionManager: EngineSessionManager initialized
[2019.06.27-19.58.01:922][  0]LogInit: Transaction tracking system initialized
[2019.06.27-19.58.01:945][  0]BlueprintLog: New page: Editor Load
[2019.06.27-19.58.02:017][  0]LocalizationService: Localization service is disabled
[2019.06.27-19.58.02:303][  0]LogFileCache: Scanning file cache for directory 'C:/Users/hiszp/Documents/unrealTutorials/BatteryCollector/Content/' took 0.02s
[2019.06.27-19.58.02:303][  0]LogCook: Display: Max memory allowance for cook 16384mb min free memory 0mb
[2019.06.27-19.58.02:303][  0]LogCook: Display: Mobile HDR setting 1
[2019.06.27-19.58.02:452][  0]SourceControl: Source control is disabled
[2019.06.27-19.58.02:453][  0]Cmd: MAP LOAD FILE="../../../../../../Users/hiszp/Documents/unrealTutorials/BatteryCollector/Content/Maps/CollectionLevel.umap" TEMPLATE=0 SHOWPROGRESS=1 FEATURELEVEL=3
[2019.06.27-19.58.02:462][  0]LightingResults: New page: Lighting Build
[2019.06.27-19.58.02:465][  0]MapCheck: New page: Map Check
[2019.06.27-19.58.02:465][  0]LightingResults: New page: Lighting Build
[2019.06.27-19.58.02:491][  0]LogUObjectHash: Compacting FUObjectHashTables data took   1.65ms
[2019.06.27-19.58.03:373][  0]LogAIModule: Creating AISystem for world CollectionLevel
[2019.06.27-19.58.03:382][  0]LogEditorServer: Finished looking for orphan Actors (0.000 secs)
[2019.06.27-19.58.03:412][  0]LogUObjectHash: Compacting FUObjectHashTables data took   2.14ms
[2019.06.27-19.58.03:413][  0]Cmd: MAP CHECKDEP NOCLEARLOG
[2019.06.27-19.58.03:413][  0]MapCheck: Map check complete: 0 Error(s), 0 Warning(s), took 0.14ms to complete.
[2019.06.27-19.58.03:413][  0]LogFileHelpers: Loading map 'CollectionLevel' took 0.961
[2019.06.27-19.58.03:548][  0]LogSlate: Updating window title bar state: overlay mode, drag disabled, window buttons hidden, title bar hidden
[2019.06.27-19.58.03:556][  0]LogSlate: Updating window title bar state: overlay mode, drag disabled, window buttons hidden, title bar hidden
[2019.06.27-19.58.03:563][  0]LogSlate: Updating window title bar state: overlay mode, drag disabled, window buttons hidden, title bar hidden
[2019.06.27-19.58.03:569][  0]LogSlate: Updating window title bar state: overlay mode, drag disabled, window buttons hidden, title bar hidden
[2019.06.27-19.58.03:582][  0]LogCollectionManager: Loaded 0 collections in 0.002318 seconds
[2019.06.27-19.58.03:611][  0]LogFileCache: Scanning file cache for directory 'C:/Users/hiszp/Documents/unrealTutorials/BatteryCollector/Saved/Collections/' took 0.01s
[2019.06.27-19.58.03:611][  0]LogFileCache: Scanning file cache for directory 'C:/Users/hiszp/Documents/unrealTutorials/BatteryCollector/Content/Developers/hiszp/Collections/' took 0.00s
[2019.06.27-19.58.03:611][  0]LogFileCache: Scanning file cache for directory 'C:/Users/hiszp/Documents/unrealTutorials/BatteryCollector/Content/Collections/' took 0.00s
[2019.06.27-19.58.03:611][  0]LogCollectionManager: Rebuilt the GUID cache for 0 collections in 0.000000 seconds
[2019.06.27-19.58.03:621][  0]LogContentBrowser: Native class hierarchy populated in 0.0089 seconds. Added 2737 classes and 661 folders.
[2019.06.27-19.58.03:633][  0]LogContentBrowser: Native class hierarchy updated for 'WidgetCarousel' in 0.0003 seconds. Added 0 classes and 0 folders.
[2019.06.27-19.58.03:644][  0]LogPakFile: Registered encryption key '00000000000000000000000000000000': 0 pak files mounted, 0 remain pending
[2019.06.27-19.58.03:650][  0]LogPakFile: Registered encryption key '00000000000000000000000000000000': 0 pak files mounted, 0 remain pending
[2019.06.27-19.58.03:663][  0]LogPakFile: Registered encryption key '00000000000000000000000000000000': 0 pak files mounted, 0 remain pending
[2019.06.27-19.58.03:669][  0]LogPakFile: Registered encryption key '00000000000000000000000000000000': 0 pak files mounted, 0 remain pending
[2019.06.27-19.58.03:674][  0]LogPakFile: Registered encryption key '00000000000000000000000000000000': 0 pak files mounted, 0 remain pending
[2019.06.27-19.58.03:678][  0]LogPakFile: Registered encryption key '00000000000000000000000000000000': 0 pak files mounted, 0 remain pending
[2019.06.27-19.58.03:683][  0]LogPakFile: Registered encryption key '00000000000000000000000000000000': 0 pak files mounted, 0 remain pending
[2019.06.27-19.58.03:688][  0]LogPakFile: Registered encryption key '00000000000000000000000000000000': 0 pak files mounted, 0 remain pending
[2019.06.27-19.58.03:694][  0]LogPakFile: Registered encryption key '00000000000000000000000000000000': 0 pak files mounted, 0 remain pending
[2019.06.27-19.58.03:700][  0]LogPakFile: Registered encryption key '00000000000000000000000000000000': 0 pak files mounted, 0 remain pending
[2019.06.27-19.58.03:705][  0]LogPakFile: Registered encryption key '00000000000000000000000000000000': 0 pak files mounted, 0 remain pending
[2019.06.27-19.58.03:709][  0]LogPakFile: Registered encryption key '00000000000000000000000000000000': 0 pak files mounted, 0 remain pending
[2019.06.27-19.58.03:715][  0]LogPakFile: Registered encryption key '00000000000000000000000000000000': 0 pak files mounted, 0 remain pending
[2019.06.27-19.58.03:720][  0]LogPakFile: Registered encryption key '00000000000000000000000000000000': 0 pak files mounted, 0 remain pending
[2019.06.27-19.58.03:724][  0]LogPakFile: Registered encryption key '00000000000000000000000000000000': 0 pak files mounted, 0 remain pending
[2019.06.27-19.58.03:729][  0]LogPakFile: Registered encryption key '00000000000000000000000000000000': 0 pak files mounted, 0 remain pending
[2019.06.27-19.58.03:757][  0]LogPakFile: Registered encryption key '00000000000000000000000000000000': 0 pak files mounted, 0 remain pending
[2019.06.27-19.58.03:761][  0]LogPakFile: Registered encryption key '00000000000000000000000000000000': 0 pak files mounted, 0 remain pending
[2019.06.27-19.58.03:767][  0]LogPakFile: Registered encryption key '00000000000000000000000000000000': 0 pak files mounted, 0 remain pending
[2019.06.27-19.58.03:772][  0]LogPakFile: Registered encryption key '00000000000000000000000000000000': 0 pak files mounted, 0 remain pending
[2019.06.27-19.58.03:777][  0]LogPakFile: Registered encryption key '00000000000000000000000000000000': 0 pak files mounted, 0 remain pending
[2019.06.27-19.58.03:783][  0]LogPakFile: Registered encryption key '00000000000000000000000000000000': 0 pak files mounted, 0 remain pending
[2019.06.27-19.58.03:788][  0]LogPakFile: Registered encryption key '00000000000000000000000000000000': 0 pak files mounted, 0 remain pending
[2019.06.27-19.58.03:794][  0]LogPakFile: Registered encryption key '00000000000000000000000000000000': 0 pak files mounted, 0 remain pending
[2019.06.27-19.58.03:799][  0]LogPakFile: Registered encryption key '00000000000000000000000000000000': 0 pak files mounted, 0 remain pending
[2019.06.27-19.58.03:804][  0]LogPakFile: Registered encryption key '00000000000000000000000000000000': 0 pak files mounted, 0 remain pending
[2019.06.27-19.58.03:943][  0]LogContentBrowser: Native class hierarchy updated for 'AddContentDialog' in 0.0003 seconds. Added 0 classes and 0 folders.
[2019.06.27-19.58.03:954][  0]LogContentBrowser: Native class hierarchy updated for 'SceneOutliner' in 0.0003 seconds. Added 1 classes and 2 folders.
[2019.06.27-19.58.04:013][  0]LogSlate: Took 0.000144 seconds to synchronously load lazily loaded font '../../../Engine/Content/Slate/Fonts/Roboto-Regular.ttf' (155K)
[2019.06.27-19.58.04:015][  0]LogSlate: Took 0.000159 seconds to synchronously load lazily loaded font '../../../Engine/Content/Slate/Fonts/Roboto-Bold.ttf' (160K)
[2019.06.27-19.58.04:025][  0]LogSlate: Took 0.005790 seconds to synchronously load lazily loaded font '../../../Engine/Content/Editor/Slate/Fonts/FontAwesome.ttf' (139K)
[2019.06.27-19.58.04:134][  0]LogRenderer: Reallocating scene render targets to support 1128x600 Format 10 NumSamples 1 (Frame:1).
[2019.06.27-19.58.04:250][  0]LogContentBrowser: Native class hierarchy updated for 'HierarchicalLODOutliner' in 0.0003 seconds. Added 0 classes and 0 folders.
[2019.06.27-19.58.04:250][  0]LogLoad: (Engine Initialization) Total time: 9.28 seconds
[2019.06.27-19.58.04:250][  0]LogLoad: (Engine Initialization) Total Blueprint compile time: 0.00 seconds
[2019.06.27-19.58.04:269][  0]LogWindowsTextInputMethodSystem: Display: IME system now deactivated.
[2019.06.27-19.58.04:290][  0]LogAssetRegistry: Asset discovery search completed in 5.5475 seconds
[2019.06.27-19.58.04:293][  0]LogCollectionManager: Rebuilt the object cache for 0 collections in 0.000000 seconds (found 0 objects)
[2019.06.27-19.58.04:293][  0]LogCollectionManager: Fixed up redirectors for 0 collections in 0.000045 seconds (updated 0 objects)
[2019.06.27-19.58.04:295][  0]LogContentStreaming: Texture pool size now 1000 MB
[2019.06.27-19.58.04:342][  0]LogSlate: Took 0.004587 seconds to synchronously load lazily loaded font '../../../Engine/Content/Slate/Fonts/Roboto-Light.ttf' (167K)
[2019.06.27-19.58.20:876][339]LogSlate: FSceneViewport::OnFocusLost() reason 0
[2019.06.27-19.58.24:259][532]LogSlate: Took 0.000153 seconds to synchronously load lazily loaded font '../../../Engine/Content/Slate/Fonts/Roboto-Light.ttf' (167K)
[2019.06.27-19.58.24:282][532]LogAssetEditorManager: Opening Asset editor for Class /Script/BatteryCollector.SpawnVolume
[2019.06.27-20.11.20:702][222]LogHotReload: New module detected: UE4Editor-BatteryCollector-0015.dll
[2019.06.27-20.11.21:724][226]LogHotReload: Starting Hot-Reload from IDE
[2019.06.27-20.11.21:766][226]LogUObjectHash: Compacting FUObjectHashTables data took   0.68ms
[2019.06.27-20.11.21:781][226]LogClass: Could not find existing class BatteryPickup in package /Script/BatteryCollector for HotReload, assuming new class
[2019.06.27-20.11.21:781][226]LogClass: Could not find existing class Pickup in package /Script/BatteryCollector for HotReload, assuming new class
[2019.06.27-20.11.21:781][226]LogClass: Function IsActive is new.
[2019.06.27-20.11.21:781][226]LogClass: Function SetActive is new.
[2019.06.27-20.11.21:781][226]LogClass: Function WasCollected is new.
[2019.06.27-20.11.21:789][226]LogHotReload: Re-instancing BatteryPickup after hot-reload.
[2019.06.27-20.11.21:920][226]LogHotReload: Re-instancing Pickup after hot-reload.
[2019.06.27-20.11.22:058][226]LogHotReload: Re-instancing SpawnVolume after hot-reload.
[2019.06.27-20.11.22:120][226]LogContentBrowser: Native class hierarchy updated for 'BatteryCollector' in 0.0004 seconds. Added 5 classes and 2 folders.
[2019.06.27-20.11.22:123][226]Display: HotReload successful (1 functions remapped  0 scriptstructs remapped)
[2019.06.27-20.11.22:279][226]LogUObjectHash: Compacting FUObjectHashTables data took   1.59ms
[2019.06.27-20.11.22:291][226]LogContentBrowser: Native class hierarchy populated in 0.0079 seconds. Added 2738 classes and 663 folders.
[2019.06.27-20.11.22:296][226]Display: HotReload took  0.6s.
[2019.06.27-20.16.12:233][ 92]LogHotReload: New module detected: UE4Editor-BatteryCollector-0016.dll
[2019.06.27-20.16.13:932][ 98]LogHotReload: Starting Hot-Reload from IDE
[2019.06.27-20.16.13:975][ 98]LogUObjectHash: Compacting FUObjectHashTables data took   0.73ms
[2019.06.27-20.16.14:012][ 98]LogClass: Could not find existing class BatteryCollectorCharacter in package /Script/BatteryCollector for HotReload, assuming new class
[2019.06.27-20.16.14:060][ 98]LogHotReload: Re-instancing BatteryCollectorCharacter after hot-reload.
[2019.06.27-20.16.14:210][ 98]LogHotReload: Re-instancing SpawnVolume after hot-reload.
[2019.06.27-20.16.14:306][ 98]LogContentBrowser: Native class hierarchy updated for 'BatteryCollector' in 0.0004 seconds. Added 5 classes and 2 folders.
[2019.06.27-20.16.14:309][ 98]Display: HotReload successful (4 functions remapped  0 scriptstructs remapped)
[2019.06.27-20.16.14:373][ 98]LogUObjectHash: Compacting FUObjectHashTables data took   1.88ms
[2019.06.27-20.16.14:391][ 98]LogContentBrowser: Native class hierarchy populated in 0.0139 seconds. Added 2738 classes and 663 folders.
[2019.06.27-20.16.14:394][ 98]Display: HotReload took  0.5s.
[2019.06.27-20.27.39:380][144]LogHotReload: New module detected: UE4Editor-BatteryCollector-0017.dll
[2019.06.27-20.27.40:742][149]LogHotReload: Starting Hot-Reload from IDE
[2019.06.27-20.27.40:776][149]LogUObjectHash: Compacting FUObjectHashTables data took   0.80ms
[2019.06.27-20.27.40:804][149]LogClass: Could not find existing class BatteryCollectorCharacter in package /Script/BatteryCollector for HotReload, assuming new class
[2019.06.27-20.27.40:804][149]LogClass: Function CollectPickups is new.
[2019.06.27-20.27.40:816][149]LogHotReload: Re-instancing BatteryCollectorCharacter after hot-reload.
[2019.06.27-20.27.40:893][149]LogHotReload: Re-instancing SpawnVolume after hot-reload.
[2019.06.27-20.27.40:970][149]LogContentBrowser: Native class hierarchy updated for 'BatteryCollector' in 0.0004 seconds. Added 5 classes and 2 folders.
[2019.06.27-20.27.40:973][149]Display: HotReload successful (4 functions remapped  0 scriptstructs remapped)
[2019.06.27-20.27.41:022][149]LogUObjectHash: Compacting FUObjectHashTables data took   1.66ms
[2019.06.27-20.27.41:036][149]LogContentBrowser: Native class hierarchy populated in 0.0098 seconds. Added 2738 classes and 663 folders.
[2019.06.27-20.27.41:039][149]Display: HotReload took  0.3s.
[2019.06.27-20.27.52:858][679]LogSlate: Only BGRA pngs, bmps or icos are supported in by External Image Picker
[2019.06.27-20.29.19:904][374]LogSlate: Window 'Project Settings' being destroyed
[2019.06.27-20.29.19:909][374]LogSlate: Window 'Project Settings' being destroyed
[2019.06.27-20.29.54:318][319]LogSlate: Took 0.005088 seconds to synchronously load lazily loaded font '../../../Engine/Content/Slate/Fonts/DroidSansMono.ttf' (77K)
[2019.06.27-20.30.06:348][808]LogEditorViewport: Clicking on Actor (LMB): BP_DemoRoom_C (BP_DemoRoom)
[2019.06.27-20.30.07:172][853]LogSlate: FSceneViewport::OnFocusLost() reason 0
[2019.06.27-20.30.07:206][855]LogTemp: Repeating last play command: Selected Viewport
[2019.06.27-20.30.07:224][855]LogBlueprintUserMessages: Early PlayInEditor Detection: Level '/Game/Maps/CollectionLevel.CollectionLevel:PersistentLevel' has LevelScriptBlueprint '/Game/Maps/CollectionLevel.CollectionLevel:PersistentLevel.CollectionLevel' with GeneratedClass '/Game/Maps/CollectionLevel.CollectionLevel_C' with ClassGeneratedBy '/Game/Maps/CollectionLevel.CollectionLevel:PersistentLevel.CollectionLevel'
[2019.06.27-20.30.07:225][855]LogPlayLevel: PlayLevel: No blueprints needed recompiling
[2019.06.27-20.30.07:229][855]PIE: New page: PIE session: CollectionLevel (28 Jun 2019 00:30:07)
[2019.06.27-20.30.07:246][855]LogPlayLevel: Creating play world package: /Game/Maps/UEDPIE_0_CollectionLevel
[2019.06.27-20.30.07:254][855]LogPlayLevel: PIE: StaticDuplicateObject took: (0.006548s)
[2019.06.27-20.30.07:255][855]LogAIModule: Creating AISystem for world CollectionLevel
[2019.06.27-20.30.07:255][855]LogPlayLevel: PIE: World Init took: (0.000926s)
[2019.06.27-20.30.07:255][855]LogPlayLevel: PIE: Created PIE world by copying editor world from /Game/Maps/CollectionLevel.CollectionLevel to /Game/Maps/UEDPIE_0_CollectionLevel.CollectionLevel (0.009049s)
[2019.06.27-20.30.07:285][855]LogUObjectHash: Compacting FUObjectHashTables data took   3.25ms
[2019.06.27-20.30.07:299][855]LogInit: XAudio2 using 'Głośniki (Realtek(R) Audio)' : 2 channels at 48 kHz using 32 bits per sample (channel mask 0x3)
[2019.06.27-20.30.07:316][855]LogInit: FAudioDevice initialized.
[2019.06.27-20.30.07:362][855]LogLoad: Game class is 'BatteryCollectorGameMode'
[2019.06.27-20.30.07:370][855]LogWorld: Bringing World /Game/Maps/UEDPIE_0_CollectionLevel.CollectionLevel up for play (max tick rate 60) at 2019.06.27-22.30.07
[2019.06.27-20.30.07:372][855]LogWorld: Bringing up level for play took: 0.003648
[2019.06.27-20.30.07:403][855]LogContentBrowser: Native class hierarchy updated for 'MovieSceneCapture' in 0.0004 seconds. Added 20 classes and 0 folders.
[2019.06.27-20.30.07:429][855]PIE: Play in editor start time for /Game/Maps/UEDPIE_0_CollectionLevel 0.335
[2019.06.27-20.30.07:429][855]LogBlueprintUserMessages: Late PlayInEditor Detection: Level '/Game/Maps/CollectionLevel.CollectionLevel:PersistentLevel' has LevelScriptBlueprint '/Game/Maps/CollectionLevel.CollectionLevel:PersistentLevel.CollectionLevel' with GeneratedClass '/Game/Maps/CollectionLevel.CollectionLevel_C' with ClassGeneratedBy '/Game/Maps/CollectionLevel.CollectionLevel:PersistentLevel.CollectionLevel'
[2019.06.27-20.30.15:140][316]LogClass: You have collected Battery_BP_C_0
[2019.06.27-20.30.16:525][399]LogClass: You have collected Battery_BP_C_3
[2019.06.27-20.30.19:261][563]LogClass: You have collected Battery_BP_C_1
[2019.06.27-20.30.19:261][563]LogClass: You have collected Battery_BP_C_6
[2019.06.27-20.30.19:261][563]LogClass: You have collected Battery_BP_C_2
[2019.06.27-20.30.23:396][811]LogClass: You have collected Pickup_BP_C_0
[2019.06.27-20.30.28:296][105]LogClass: You have collected Pickup_BP_C_1
[2019.06.27-20.30.38:914][742]LogClass: You have collected Battery_BP_C_11
[2019.06.27-20.30.38:915][742]LogClass: You have collected Battery_BP_C_13
[2019.06.27-20.30.38:915][742]LogClass: You have collected Battery_BP_C_12
[2019.06.27-20.30.38:915][742]LogClass: You have collected Battery_BP_C_19
[2019.06.27-20.30.38:915][742]LogClass: You have collected Battery_BP_C_8
[2019.06.27-20.30.38:915][742]LogClass: You have collected Battery_BP_C_7
[2019.06.27-20.30.38:915][742]LogClass: You have collected Battery_BP_C_16
[2019.06.27-20.30.38:915][742]LogClass: You have collected Battery_BP_C_10
[2019.06.27-20.30.40:215][820]LogClass: You have collected Battery_BP_C_17
[2019.06.27-20.30.40:215][820]LogClass: You have collected Battery_BP_C_18
[2019.06.27-20.30.40:215][820]LogClass: You have collected Battery_BP_C_5
[2019.06.27-20.30.41:367][889]LogBlueprintUserMessages: Early EndPlayMap Detection: Level '/Game/Maps/CollectionLevel.CollectionLevel:PersistentLevel' has LevelScriptBlueprint '/Game/Maps/CollectionLevel.CollectionLevel:PersistentLevel.CollectionLevel' with GeneratedClass '/Game/Maps/CollectionLevel.CollectionLevel_C' with ClassGeneratedBy '/Game/Maps/CollectionLevel.CollectionLevel:PersistentLevel.CollectionLevel'
[2019.06.27-20.30.41:368][889]LogSlate: Updating window title bar state: overlay mode, drag disabled, window buttons hidden, title bar hidden
[2019.06.27-20.30.41:397][889]LogPlayLevel: Display: Shutting down PIE online subsystems
[2019.06.27-20.30.41:398][889]LogBlueprintUserMessages: Late EndPlayMap Detection: Level '/Game/Maps/CollectionLevel.CollectionLevel:PersistentLevel' has LevelScriptBlueprint '/Game/Maps/CollectionLevel.CollectionLevel:PersistentLevel.CollectionLevel' with GeneratedClass '/Game/Maps/CollectionLevel.CollectionLevel_C' with ClassGeneratedBy '/Game/Maps/CollectionLevel.CollectionLevel:PersistentLevel.CollectionLevel'
[2019.06.27-20.30.41:428][889]LogSlate: Updating window title bar state: overlay mode, drag disabled, window buttons hidden, title bar hidden
[2019.06.27-20.30.41:434][889]LogUObjectHash: Compacting FUObjectHashTables data took   1.41ms
[2019.06.27-20.30.41:473][891]LogPlayLevel: Display: Destroying online subsystem :Context_4
